0000 | CONSTANT         | 1
0002 | GET_LOCAL        | 0
0004 | CONSTANT         | 10
0006 | GREATER          |
0007 | NOT              |
0008 | JUMP_IF_FALSE    | 64
0011 | POP              |
0012 | JUMP             | 11
0026 | GET_LOCAL        | 0
0028 | PRINT            |
0029 | GET_LOCAL        | 0
0031 | CONSTANT         | 8
0033 | LESS             |
0034 | NOT              |
0035 | JUMP_IF_FALSE    | 3
0041 | POP              |
0042 | GET_LOCAL        | 0
0044 | CONSTANT         | 4
0046 | GREATER          |
0047 | NOT              |
0048 | JUMP_IF_FALSE    | 7
0051 | POP              |
0052 | GET_LOCAL        | 0
0054 | CONSTANT         | 2
0056 | EQUAL            |
0057 | NOT              |
0058 | JUMP_IF_FALSE    | 7
0061 | POP              |
0062 | CONSTANT         | i is 1, 3, 4, 8, 9 or 10
0064 | PRINT            |
0065 | JUMP             | 4
0072 | LOOP             | 60
0015 | GET_LOCAL        | 0
0017 | CONSTANT         | 1
0019 | ADD              |
0020 | SET_LOCAL        | 0
0022 | POP              |
0023 | LOOP             | 24
0002 | GET_LOCAL        | 0
0004 | CONSTANT         | 10
0006 | GREATER          |
0007 | NOT              |
0008 | JUMP_IF_FALSE    | 64
0011 | POP              |
0012 | JUMP             | 11
0026 | GET_LOCAL        | 0
0028 | PRINT            |
0029 | GET_LOCAL        | 0
0031 | CONSTANT         | 8
0033 | LESS             |
0034 | NOT              |
0035 | JUMP_IF_FALSE    | 3
0041 | POP              |
0042 | GET_LOCAL        | 0
0044 | CONSTANT         | 4
0046 | GREATER          |
0047 | NOT              |
0048 | JUMP_IF_FALSE    | 7
0051 | POP              |
0052 | GET_LOCAL        | 0
0054 | CONSTANT         | 2
0056 | EQUAL            |
0057 | NOT              |
0058 | JUMP_IF_FALSE    | 7
0068 | POP              |
0069 | CONSTANT         | i is 2, 5, 6 or 7
0071 | PRINT            |
0072 | LOOP             | 60
0015 | GET_LOCAL        | 0
0017 | CONSTANT         | 1
0019 | ADD              |
0020 | SET_LOCAL        | 0
0022 | POP              |
0023 | LOOP             | 24
0002 | GET_LOCAL        | 0
0004 | CONSTANT         | 10
0006 | GREATER          |
0007 | NOT              |
0008 | JUMP_IF_FALSE    | 64
0011 | POP              |
0012 | JUMP             | 11
0026 | GET_LOCAL        | 0
0028 | PRINT            |
0029 | GET_LOCAL        | 0
0031 | CONSTANT         | 8
0033 | LESS             |
0034 | NOT              |
0035 | JUMP_IF_FALSE    | 3
0041 | POP              |
0042 | GET_LOCAL        | 0
0044 | CONSTANT         | 4
0046 | GREATER          |
0047 | NOT              |
0048 | JUMP_IF_FALSE    | 7
0051 | POP              |
0052 | GET_LOCAL        | 0
0054 | CONSTANT         | 2
0056 | EQUAL            |
0057 | NOT              |
0058 | JUMP_IF_FALSE    | 7
0061 | POP              |
0062 | CONSTANT         | i is 1, 3, 4, 8, 9 or 10
0064 | PRINT            |
0065 | JUMP             | 4
0072 | LOOP             | 60
0015 | GET_LOCAL        | 0
0017 | CONSTANT         | 1
0019 | ADD              |
0020 | SET_LOCAL        | 0
0022 | POP              |
0023 | LOOP             | 24
0002 | GET_LOCAL        | 0
0004 | CONSTANT         | 10
0006 | GREATER          |
0007 | NOT              |
0008 | JUMP_IF_FALSE    | 64
0011 | POP              |
0012 | JUMP             | 11
0026 | GET_LOCAL        | 0
0028 | PRINT            |
0029 | GET_LOCAL        | 0
0031 | CONSTANT         | 8
0033 | LESS             |
0034 | NOT              |
0035 | JUMP_IF_FALSE    | 3
0041 | POP              |
0042 | GET_LOCAL        | 0
0044 | CONSTANT         | 4
0046 | GREATER          |
0047 | NOT              |
0048 | JUMP_IF_FALSE    | 7
0051 | POP              |
0052 | GET_LOCAL        | 0
0054 | CONSTANT         | 2
0056 | EQUAL            |
0057 | NOT              |
0058 | JUMP_IF_FALSE    | 7
0061 | POP              |
0062 | CONSTANT         | i is 1, 3, 4, 8, 9 or 10
0064 | PRINT            |
0065 | JUMP             | 4
0072 | LOOP             | 60
0015 | GET_LOCAL        | 0
0017 | CONSTANT         | 1
0019 | ADD              |
0020 | SET_LOCAL        | 0
0022 | POP              |
0023 | LOOP             | 24
0002 | GET_LOCAL        | 0
0004 | CONSTANT         | 10
0006 | GREATER          |
0007 | NOT              |
0008 | JUMP_IF_FALSE    | 64
0011 | POP              |
0012 | JUMP             | 11
0026 | GET_LOCAL        | 0
0028 | PRINT            |
0029 | GET_LOCAL        | 0
0031 | CONSTANT         | 8
0033 | LESS             |
0034 | NOT              |
0035 | JUMP_IF_FALSE    | 3
0041 | POP              |
0042 | GET_LOCAL        | 0
0044 | CONSTANT         | 4
0046 | GREATER          |
0047 | NOT              |
0048 | JUMP_IF_FALSE    | 7
0058 | JUMP_IF_FALSE    | 7
0068 | POP              |
0069 | CONSTANT         | i is 2, 5, 6 or 7
0071 | PRINT            |
0072 | LOOP             | 60
0015 | GET_LOCAL        | 0
0017 | CONSTANT         | 1
0019 | ADD              |
0020 | SET_LOCAL        | 0
0022 | POP              |
0023 | LOOP             | 24
0002 | GET_LOCAL        | 0
0004 | CONSTANT         | 10
0006 | GREATER          |
0007 | NOT              |
0008 | JUMP_IF_FALSE    | 64
0011 | POP              |
0012 | JUMP             | 11
0026 | GET_LOCAL        | 0
0028 | PRINT            |
0029 | GET_LOCAL        | 0
0031 | CONSTANT         | 8
0033 | LESS             |
0034 | NOT              |
0035 | JUMP_IF_FALSE    | 3
0041 | POP              |
0042 | GET_LOCAL        | 0
0044 | CONSTANT         | 4
0046 | GREATER          |
0047 | NOT              |
0048 | JUMP_IF_FALSE    | 7
0058 | JUMP_IF_FALSE    | 7
0068 | POP              |
0069 | CONSTANT         | i is 2, 5, 6 or 7
0071 | PRINT            |
0072 | LOOP             | 60
0015 | GET_LOCAL        | 0
0017 | CONSTANT         | 1
0019 | ADD              |
0020 | SET_LOCAL        | 0
0022 | POP              |
0023 | LOOP             | 24
0002 | GET_LOCAL        | 0
0004 | CONSTANT         | 10
0006 | GREATER          |
0007 | NOT              |
0008 | JUMP_IF_FALSE    | 64
0011 | POP              |
0012 | JUMP             | 11
0026 | GET_LOCAL        | 0
0028 | PRINT            |
0029 | GET_LOCAL        | 0
0031 | CONSTANT         | 8
0033 | LESS             |
0034 | NOT              |
0035 | JUMP_IF_FALSE    | 3
0041 | POP              |
0042 | GET_LOCAL        | 0
0044 | CONSTANT         | 4
0046 | GREATER          |
0047 | NOT              |
0048 | JUMP_IF_FALSE    | 7
0058 | JUMP_IF_FALSE    | 7
0068 | POP              |
0069 | CONSTANT         | i is 2, 5, 6 or 7
0071 | PRINT            |
0072 | LOOP             | 60
0015 | GET_LOCAL        | 0
0017 | CONSTANT         | 1
0019 | ADD              |
0020 | SET_LOCAL        | 0
0022 | POP              |
0023 | LOOP             | 24
0002 | GET_LOCAL        | 0
0004 | CONSTANT         | 10
0006 | GREATER          |
0007 | NOT              |
0008 | JUMP_IF_FALSE    | 64
0011 | POP              |
0012 | JUMP             | 11
0026 | GET_LOCAL        | 0
0028 | PRINT            |
0029 | GET_LOCAL        | 0
0031 | CONSTANT         | 8
0033 | LESS             |
0034 | NOT              |
0035 | JUMP_IF_FALSE    | 3
0038 | JUMP             | 17
0058 | JUMP_IF_FALSE    | 7
0061 | POP              |
0062 | CONSTANT         | i is 1, 3, 4, 8, 9 or 10
0064 | PRINT            |
0065 | JUMP             | 4
0072 | LOOP             | 60
0015 | GET_LOCAL        | 0
0017 | CONSTANT         | 1
0019 | ADD              |
0020 | SET_LOCAL        | 0
0022 | POP              |
0023 | LOOP             | 24
0002 | GET_LOCAL        | 0
0004 | CONSTANT         | 10
0006 | GREATER          |
0007 | NOT              |
0008 | JUMP_IF_FALSE    | 64
0011 | POP              |
0012 | JUMP             | 11
0026 | GET_LOCAL        | 0
0028 | PRINT            |
0029 | GET_LOCAL        | 0
0031 | CONSTANT         | 8
0033 | LESS             |
0034 | NOT              |
0035 | JUMP_IF_FALSE    | 3
0038 | JUMP             | 17
0058 | JUMP_IF_FALSE    | 7
0061 | POP              |
0062 | CONSTANT         | i is 1, 3, 4, 8, 9 or 10
0064 | PRINT            |
0065 | JUMP             | 4
0072 | LOOP             | 60
0015 | GET_LOCAL        | 0
0017 | CONSTANT         | 1
0019 | ADD              |
0020 | SET_LOCAL        | 0
0022 | POP              |
0023 | LOOP             | 24
0002 | GET_LOCAL        | 0
0004 | CONSTANT         | 10
0006 | GREATER          |
0007 | NOT              |
0008 | JUMP_IF_FALSE    | 64
0011 | POP              |
0012 | JUMP             | 11
0026 | GET_LOCAL        | 0
0028 | PRINT            |
0029 | GET_LOCAL        | 0
0031 | CONSTANT         | 8
0033 | LESS             |
0034 | NOT              |
0035 | JUMP_IF_FALSE    | 3
0038 | JUMP             | 17
0058 | JUMP_IF_FALSE    | 7
0061 | POP              |
0062 | CONSTANT         | i is 1, 3, 4, 8, 9 or 10
0064 | PRINT            |
0065 | JUMP             | 4
0072 | LOOP             | 60
0015 | GET_LOCAL        | 0
0017 | CONSTANT         | 1
0019 | ADD              |
0020 | SET_LOCAL        | 0
0022 | POP              |
0023 | LOOP             | 24
0002 | GET_LOCAL        | 0
0004 | CONSTANT         | 10
0006 | GREATER          |
0007 | NOT              |
0008 | JUMP_IF_FALSE    | 64
0075 | POP              |
0076 | POP              |
0077 | RETURN           |
